<?xml version="1.0" encoding="UTF-8"?>
<!-- Generated by org.testng.reporters.JUnitReportReporter -->
<testsuite hostname="Emans-MacBook-Pro.local" failures="0" tests="7" name="almosafer.MyTestCaseNew" time="6.290" errors="0" timestamp="2023-12-12T16:29:15 AST" skipped="6">
  <testcase classname="almosafer.MyTestCaseNew" name="ChangeLanguageOfWebSite" time="6.290"/>
  <system-out/>
  <testcase classname="almosafer.MyTestCaseNew" name="HotalTap">
    <skipped/>
  </testcase> <!-- HotalTap -->
  <system-out/>
  <testcase classname="almosafer.MyTestCaseNew" name="CheckLanguage">
    <skipped/>
  </testcase> <!-- CheckLanguage -->
  <system-out/>
  <testcase classname="almosafer.MyTestCaseNew" name="CheckCurren">
    <skipped/>
  </testcase> <!-- CheckCurren -->
  <system-out/>
  <testcase classname="almosafer.MyTestCaseNew" name="CheckCContactNumber">
    <skipped/>
  </testcase> <!-- CheckCContactNumber -->
  <system-out/>
  <testcase classname="almosafer.MyTestCaseNew" name="Qitaf">
    <skipped/>
  </testcase> <!-- Qitaf -->
  <system-out/>
  <testcase classname="almosafer.MyTestCaseNew" name="CheckTheDepartureAndArrivalDate">
    <skipped/>
  </testcase> <!-- CheckTheDepartureAndArrivalDate -->
  <system-out/>
</testsuite> <!-- almosafer.MyTestCaseNew -->
